0 info it worked if it ends with ok
1 verbose cli [ 'C:\\ins\\.nvmw\\v0.10.25\\\\node.exe',
1 verbose cli   'C:\\ins\\.nvmw\\v0.10.25\\node_modules\\npm\\bin\\npm-cli.js',
1 verbose cli   'start' ]
2 info using npm@1.3.24
3 info using node@v0.10.25
4 verbose node symlink C:\ins\.nvmw\v0.10.25\\node.exe
5 error Failed to parse json
5 error Unexpected token }
6 error File: c:\working\kansyasai\src\wdquiz\package.json
7 error Failed to parse package.json data.
7 error package.json must be actual JSON, not just JavaScript.
7 error
7 error This is not a bug in npm.
7 error Tell the package author to fix their package.json file. JSON.parse
8 error System Windows_NT 6.1.7601
9 error command "C:\\ins\\.nvmw\\v0.10.25\\\\node.exe" "C:\\ins\\.nvmw\\v0.10.25\\node_modules\\npm\\bin\\npm-cli.js" "start"
10 error cwd c:\working\kansyasai\src\wdquiz
11 error node -v v0.10.25
12 error npm -v 1.3.24
13 error file c:\working\kansyasai\src\wdquiz\package.json
14 error code EJSONPARSE
15 verbose exit [ 1, true ]
